<?xml version="1.0" encoding="UTF-8"?>
<!-- Generated by org.testng.reporters.JUnitReportReporter -->
<testsuite hostname="FFE-Subham-Vishwakarma" failures="0" tests="2" name="pac1.ContactTest" time="0.041" errors="0" timestamp="2024-06-18T17:21:09 IST" skipped="0">
  <testcase classname="pac1.ContactTest" name="modifyContactTest" time="0.003"/>
  <system-out/>
  <testcase classname="pac1.ContactTest" name="createContactTest" time="0.038"/>
  <system-out/>
</testsuite> <!-- pac1.ContactTest -->
